auth.py 2026-03-31 15:17:41,156 - app.routers.auth -INFO - Registering new staff with email: user@example.com
bcrypt.py 2026-03-31 15:17:41,266 - passlib.handlers.bcrypt -WARNING - (trapped) error reading bcrypt version
Traceback (most recent call last):
  File "C:\Users\USER\OneDrive\Desktop\Job management api\venv\Lib\site-packages\passlib\handlers\bcrypt.py", line 620, in _load_backend_mixin
    version = _bcrypt.__about__.__version__
              ^^^^^^^^^^^^^^^^^
AttributeError: module 'bcrypt' has no attribute '__about__'
auth.py 2026-03-31 15:18:19,108 - app.routers.auth -INFO - Registering new staff with email: user@example.com
bcrypt.py 2026-03-31 15:18:19,111 - passlib.handlers.bcrypt -WARNING - (trapped) error reading bcrypt version
Traceback (most recent call last):
  File "C:\Users\USER\OneDrive\Desktop\Job management api\venv\Lib\site-packages\passlib\handlers\bcrypt.py", line 620, in _load_backend_mixin
    version = _bcrypt.__about__.__version__
              ^^^^^^^^^^^^^^^^^
AttributeError: module 'bcrypt' has no attribute '__about__'
auth.py 2026-03-31 15:19:16,666 - app.routers.auth -INFO - Registering new staff with email: user@example.com
bcrypt.py 2026-03-31 15:19:16,668 - passlib.handlers.bcrypt -WARNING - (trapped) error reading bcrypt version
Traceback (most recent call last):
  File "C:\Users\USER\OneDrive\Desktop\Job management api\venv\Lib\site-packages\passlib\handlers\bcrypt.py", line 620, in _load_backend_mixin
    version = _bcrypt.__about__.__version__
              ^^^^^^^^^^^^^^^^^
AttributeError: module 'bcrypt' has no attribute '__about__'
auth.py 2026-03-31 15:20:28,991 - app.routers.auth -INFO - Registering new staff with email: user@example.com
bcrypt.py 2026-03-31 15:20:29,099 - passlib.handlers.bcrypt -WARNING - (trapped) error reading bcrypt version
Traceback (most recent call last):
  File "C:\Users\USER\OneDrive\Desktop\Job management api\venv\Lib\site-packages\passlib\handlers\bcrypt.py", line 620, in _load_backend_mixin
    version = _bcrypt.__about__.__version__
              ^^^^^^^^^^^^^^^^^
AttributeError: module 'bcrypt' has no attribute '__about__'
auth.py 2026-03-31 15:36:53,056 - app.routers.auth -INFO - Registering new staff with email: user@example.com
bcrypt.py 2026-03-31 15:36:53,241 - passlib.handlers.bcrypt -WARNING - (trapped) error reading bcrypt version
Traceback (most recent call last):
  File "C:\Users\USER\OneDrive\Desktop\Job management api\venv\Lib\site-packages\passlib\handlers\bcrypt.py", line 620, in _load_backend_mixin
    version = _bcrypt.__about__.__version__
              ^^^^^^^^^^^^^^^^^
AttributeError: module 'bcrypt' has no attribute '__about__'
auth.py 2026-03-31 15:37:45,239 - app.routers.auth -INFO - Registering new staff with email: user@example.com
bcrypt.py 2026-03-31 15:37:45,442 - passlib.handlers.bcrypt -WARNING - (trapped) error reading bcrypt version
Traceback (most recent call last):
  File "C:\Users\USER\OneDrive\Desktop\Job management api\venv\Lib\site-packages\passlib\handlers\bcrypt.py", line 620, in _load_backend_mixin
    version = _bcrypt.__about__.__version__
              ^^^^^^^^^^^^^^^^^
AttributeError: module 'bcrypt' has no attribute '__about__'
auth.py 2026-03-31 15:40:51,159 - app.routers.auth -INFO - Registering new staff with email: user@example.com
bcrypt.py 2026-03-31 15:40:51,165 - passlib.handlers.bcrypt -WARNING - (trapped) error reading bcrypt version
Traceback (most recent call last):
  File "C:\Users\USER\OneDrive\Desktop\Job management api\venv\Lib\site-packages\passlib\handlers\bcrypt.py", line 620, in _load_backend_mixin
    version = _bcrypt.__about__.__version__
              ^^^^^^^^^^^^^^^^^
AttributeError: module 'bcrypt' has no attribute '__about__'
auth.py 2026-03-31 15:45:33,855 - app.routers.auth -INFO - Registering new staff with email: user@example.com
auth.py 2026-03-31 15:45:34,799 - app.services.auth -INFO - New staff registered: user@example.com
auth.py 2026-03-31 15:49:30,604 - app.routers.auth -INFO - Registering new staff with email: user@example.com
auth.py 2026-03-31 15:49:31,678 - app.services.auth -INFO - New staff registered: user@example.com
auth.py 2026-03-31 15:50:59,431 - app.routers.auth -INFO - Registering new staff with email: user@example.com
auth.py 2026-03-31 15:51:00,345 - app.services.auth -INFO - New staff registered: user@example.com
auth.py 2026-03-31 15:55:07,478 - app.routers.auth -INFO - Registering new staff with email: user@example.com
auth.py 2026-03-31 15:55:08,530 - app.services.auth -INFO - New staff registered: user@example.com
auth.py 2026-03-31 15:55:08,538 - app.routers.auth -INFO - Staff with email user@example.com successfully registered.
auth.py 2026-03-31 15:58:02,571 - app.routers.auth -INFO - User login attempt: user@example.com
auth.py 2026-03-31 16:01:45,252 - app.routers.auth -INFO - User login attempt: user@example.com
auth.py 2026-03-31 16:02:41,697 - app.routers.auth -INFO - User login attempt: user@example.com
auth.py 2026-03-31 16:06:29,938 - app.routers.auth -INFO - User login attempt: user@example.com
auth.py 2026-03-31 16:09:09,069 - app.routers.auth -INFO - User login attempt: user@example.com
auth.py 2026-03-31 16:09:10,648 - app.routers.auth -INFO - User logged in successfully with email: user@example.com
auth.py 2026-03-31 16:10:12,031 - app.routers.auth -INFO - Token refresh attempt
auth.py 2026-03-31 16:14:02,917 - app.routers.auth -INFO - Token refresh attempt
auth.py 2026-03-31 16:16:26,449 - app.routers.auth -INFO - User login attempt: user@example.com
auth.py 2026-03-31 16:16:28,100 - app.routers.auth -INFO - User logged in successfully with email: user@example.com
auth.py 2026-03-31 16:17:42,529 - app.routers.auth -INFO - Token refresh attempt
auth.py 2026-03-31 16:19:21,372 - app.routers.auth -INFO - Token refresh attempt
auth.py 2026-03-31 16:19:46,586 - app.routers.auth -INFO - Token refresh attempt
auth.py 2026-03-31 16:19:46,588 - app.routers.auth -INFO - Token refreshed successfully
auth.py 2026-03-31 16:28:29,922 - app.routers.auth -INFO - User login attempt: user@example.com
auth.py 2026-03-31 16:28:31,553 - app.routers.auth -INFO - User logged in successfully with email: user@example.com
auth.py 2026-03-31 16:28:53,896 - app.routers.auth -INFO - Fetching current user info for email: user@example.com
auth.py 2026-03-31 21:58:10,052 - app.routers.auth -INFO - Registering new staff with email: user2@example.com
auth.py 2026-03-31 21:58:10,510 - app.services.auth -INFO - New staff registered: user2@example.com
auth.py 2026-03-31 21:58:10,513 - app.routers.auth -INFO - Staff with email user2@example.com successfully registered.
auth.py 2026-03-31 21:58:29,875 - app.routers.auth -INFO - User login attempt: user@example.com
auth.py 2026-03-31 21:58:30,499 - app.routers.auth -INFO - User logged in successfully with email: user@example.com
auth.py 2026-03-31 21:58:54,753 - app.routers.auth -INFO - Fetching current user info for email: user@example.com
job.py 2026-03-31 22:04:36,864 - app.routers.job -INFO - Admin user@example.com is creating a new job with title: project mgt
job.py 2026-03-31 22:04:36,866 - app.routers.job -ERROR - Error creating job 'project mgt': can't compare offset-naive and offset-aware datetimes
job.py 2026-03-31 22:08:22,226 - app.routers.job -INFO - Admin user@example.com is creating a new job with title: project mgt
job.py 2026-03-31 22:08:22,246 - app.routers.job -INFO - Job 'project mgt' created successfully by admin user@example.com
auth.py 2026-03-31 22:09:20,690 - app.routers.auth -INFO - Registering new staff with email: user3@example.com
auth.py 2026-03-31 22:09:21,060 - app.services.auth -INFO - New staff registered: user3@example.com
auth.py 2026-03-31 22:09:21,062 - app.routers.auth -INFO - Staff with email user3@example.com successfully registered.
job.py 2026-03-31 22:10:30,028 - app.routers.job -INFO - Admin user@example.com is creating a new job with title: Maintainance
job.py 2026-03-31 22:10:30,036 - app.routers.job -INFO - Job 'Maintainance' created successfully by admin user@example.com
job.py 2026-03-31 22:11:55,925 - app.routers.job -INFO - Admin user@example.com is fetching jobs with filters - q: generator, status: None, start_time: None, end_time: None
job.py 2026-03-31 22:11:55,931 - app.routers.job -ERROR - Error fetching jobs: (psycopg2.errors.DuplicateAlias) table name "jobs" specified more than once

[SQL: SELECT jobs.id AS jobs_id, jobs.title AS jobs_title, jobs.description AS jobs_description, jobs.start_time AS jobs_start_time, jobs.end_time AS jobs_end_time, jobs.status AS jobs_status, jobs.assigned_to AS jobs_assigned_to, jobs.created_at AS jobs_created_at, jobs.updated_at AS jobs_updated_at 
FROM jobs JOIN staff ON staff.id = jobs.assigned_to JOIN jobs ON staff.id = jobs.assigned_to 
WHERE CAST(staff.id AS VARCHAR) ILIKE %(param_1)s OR staff.email ILIKE %(email_1)s OR jobs.title ILIKE %(title_1)s OR jobs.description ILIKE %(description_1)s]
[parameters: {'param_1': '%generator%', 'email_1': '%generator%', 'title_1': '%generator%', 'description_1': '%generator%'}]
(Background on this error at: https://sqlalche.me/e/20/f405)
job.py 2026-03-31 22:22:59,822 - app.routers.job -INFO - Admin user@example.com is fetching jobs with filters - q: generator, status: None, start_time: None, end_time: None
job.py 2026-03-31 22:22:59,841 - app.routers.job -INFO - Admin user@example.com fetched 0 jobs
job.py 2026-03-31 22:23:33,792 - app.routers.job -INFO - Admin user@example.com is fetching jobs with filters - q: Maintainance, status: None, start_time: None, end_time: None
job.py 2026-03-31 22:23:33,816 - app.routers.job -INFO - Admin user@example.com fetched 1 jobs
job.py 2026-03-31 22:23:55,919 - app.routers.job -INFO - Admin user@example.com is fetching jobs with filters - q: None, status: pending, start_time: None, end_time: None
job.py 2026-03-31 22:23:55,925 - app.routers.job -INFO - Admin user@example.com fetched 2 jobs
job.py 2026-03-31 22:26:43,816 - app.routers.job -INFO - User user@example.com is attempting to update job with ID: 1
job.py 2026-03-31 22:26:43,828 - app.routers.job -INFO - Admin user@example.com is updating job with ID: 1
job.py 2026-03-31 22:26:43,852 - app.routers.job -INFO - Admin user@example.com successfully updated job with ID: 1
job.py 2026-03-31 22:27:56,943 - app.routers.job -INFO - User user@example.com is attempting to update job with ID: 1
job.py 2026-03-31 22:27:56,955 - app.routers.job -INFO - Admin user@example.com is updating job with ID: 1
job.py 2026-03-31 22:27:56,980 - app.routers.job -INFO - Admin user@example.com successfully updated job with ID: 1
auth.py 2026-03-31 22:30:10,896 - app.routers.auth -INFO - Token refresh attempt
auth.py 2026-03-31 22:30:10,898 - app.routers.auth -INFO - Token refreshed successfully
auth.py 2026-03-31 22:30:42,799 - app.routers.auth -INFO - Fetching current user info for email: user@example.com
job.py 2026-03-31 22:30:53,154 - app.routers.job -INFO - Admin user@example.com is attempting to delete job with ID: 2
job.py 2026-03-31 22:30:53,166 - app.routers.job -ERROR - Error deleting job with ID 2: 'JobService' object has no attribute 'delete_job'
job.py 2026-03-31 22:31:55,226 - app.routers.job -INFO - Admin user@example.com is attempting to delete job with ID: 2
job.py 2026-03-31 22:31:55,248 - app.routers.job -INFO - Admin user@example.com successfully deleted job with ID: 2
auth.py 2026-03-31 22:50:17,363 - app.routers.auth -INFO - User login attempt: user2@example.com
auth.py 2026-03-31 22:50:18,958 - app.routers.auth -INFO - User logged in successfully with email: user2@example.com
auth.py 2026-03-31 22:50:49,371 - app.routers.auth -INFO - Fetching current user info for email: user2@example.com
job.py 2026-03-31 22:52:35,618 - app.routers.job -INFO - Staff user2@example.com is fetching their assigned jobs
job.py 2026-03-31 22:52:35,644 - app.routers.job -INFO - Staff user2@example.com fetched 1 assigned jobs
auth.py 2026-04-01 07:38:54,386 - app.routers.auth -INFO - User login attempt: user@example.com
auth.py 2026-04-01 07:38:56,039 - app.routers.auth -INFO - User logged in successfully with email: user@example.com
auth.py 2026-04-01 07:39:17,695 - app.routers.auth -INFO - Fetching current user info for email: user@example.com
job.py 2026-04-01 07:39:47,707 - app.routers.job -INFO - Admin user@example.com is fetching jobs with filters - q: None, status: None, start_time: None, end_time: None
job.py 2026-04-01 07:39:47,734 - app.routers.job -INFO - Admin user@example.com fetched 1 jobs
job.py 2026-04-01 07:42:06,719 - app.routers.job -INFO - Admin user@example.com is creating a new job with title: Delivery
job.py 2026-04-01 07:42:06,745 - app.routers.job -ERROR - Error creating job 'Delivery': (psycopg2.errors.ForeignKeyViolation) insert or update on table "jobs" violates foreign key constraint "jobs_assigned_to_fkey"
DETAIL:  Key (assigned_to)=(7) is not present in table "staff".

[SQL: INSERT INTO jobs (title, description, start_time, end_time, status, assigned_to, created_at, updated_at) VALUES (%(title)s, %(description)s, %(start_time)s, %(end_time)s, %(status)s, %(assigned_to)s, %(created_at)s, %(updated_at)s) RETURNING jobs.id]
[parameters: {'title': 'Delivery', 'description': 'HVAC Equipment delivery', 'start_time': datetime.datetime(2026, 4, 1, 9, 40, 35, 84000, tzinfo=TzInfo(0)), 'end_time': datetime.datetime(2026, 4, 1, 10, 40, 35, 84000, tzinfo=TzInfo(0)), 'status': 'pending', 'assigned_to': 7, 'created_at': datetime.datetime(2026, 4, 1, 7, 42, 6, 731206, tzinfo=datetime.timezone.utc), 'updated_at': datetime.datetime(2026, 4, 1, 7, 42, 6, 731206, tzinfo=datetime.timezone.utc)}]
(Background on this error at: https://sqlalche.me/e/20/gkpj)
job.py 2026-04-01 07:42:31,134 - app.routers.job -INFO - Admin user@example.com is creating a new job with title: Delivery
job.py 2026-04-01 07:42:31,153 - app.routers.job -INFO - Job 'Delivery' created successfully by admin user@example.com
job.py 2026-04-01 07:44:01,641 - app.routers.job -INFO - Admin user@example.com is creating a new job with title: Delivery
job.py 2026-04-01 07:44:01,662 - app.routers.job -ERROR - Error creating job 'Delivery': 400: Assigned staff does not exist
job.py 2026-04-01 07:45:56,916 - app.routers.job -INFO - Admin user@example.com is creating a new job with title: Delivery
job.py 2026-04-01 07:45:56,937 - app.routers.job -ERROR - Error creating booking: Assigned staff does not exist
job.py 2026-04-01 07:46:28,633 - app.routers.job -INFO - Admin user@example.com is creating a new job with title: Delivery
job.py 2026-04-01 07:46:28,637 - app.routers.job -ERROR - Error creating booking: Assigned staff is already engaged in another job during this time
job.py 2026-04-01 07:46:51,502 - app.routers.job -INFO - Admin user@example.com is creating a new job with title: Delivery
job.py 2026-04-01 07:46:51,542 - app.routers.job -INFO - Job 'Delivery' created successfully by admin user@example.com
job.py 2026-04-01 07:47:08,292 - app.routers.job -INFO - Admin user@example.com is fetching jobs with filters - q: None, status: None, start_time: None, end_time: None
job.py 2026-04-01 07:47:08,324 - app.routers.job -INFO - Admin user@example.com fetched 3 jobs
job.py 2026-04-01 07:47:35,691 - app.routers.job -INFO - Admin user@example.com is fetching jobs with filters - q: None, status: None, start_time: 2026-04-01 10:40:35.084000+01:00, end_time: None
job.py 2026-04-01 07:47:35,701 - app.routers.job -INFO - Admin user@example.com fetched 3 jobs
job.py 2026-04-01 07:48:14,169 - app.routers.job -INFO - Admin user@example.com is fetching jobs with filters - q: None, status: None, start_time: 2026-04-01 10:40:35.084000+01:00, end_time: None
job.py 2026-04-01 07:48:14,172 - app.routers.job -INFO - Admin user@example.com fetched 3 jobs
job.py 2026-04-01 07:48:40,303 - app.routers.job -INFO - Admin user@example.com is fetching jobs with filters - q: HVAC Equipment delivery, status: None, start_time: None, end_time: None
job.py 2026-04-01 07:48:40,317 - app.routers.job -INFO - Admin user@example.com fetched 1 jobs
auth.py 2026-04-01 07:49:17,737 - app.routers.auth -INFO - User login attempt: user3@example.com
auth.py 2026-04-01 07:49:19,149 - app.routers.auth -INFO - User logged in successfully with email: user3@example.com
auth.py 2026-04-01 07:49:38,140 - app.routers.auth -INFO - Fetching current user info for email: user3@example.com
job.py 2026-04-01 07:49:52,194 - app.routers.job -INFO - Staff user3@example.com is fetching their assigned jobs
job.py 2026-04-01 07:49:52,201 - app.routers.job -INFO - Staff user3@example.com fetched 2 assigned jobs
job.py 2026-04-01 07:51:00,993 - app.routers.job -INFO - User user3@example.com is attempting to update job with ID: 4
job.py 2026-04-01 07:51:01,014 - app.routers.job -INFO - Staff user3@example.com successfully updated job with ID: 4
job.py 2026-04-01 07:51:09,554 - app.routers.job -INFO - Staff user3@example.com is fetching their assigned jobs
job.py 2026-04-01 07:51:09,557 - app.routers.job -INFO - Staff user3@example.com fetched 2 assigned jobs
job.py 2026-04-01 07:52:44,553 - app.routers.job -INFO - User user3@example.com is attempting to update job with ID: 4
job.py 2026-04-01 07:52:44,576 - app.routers.job -INFO - Staff user3@example.com successfully updated job with ID: 4
